[debug] [2020-11-07T11:25:52.085Z] ----------------------------------------------------------------------
[debug] [2020-11-07T11:25:52.092Z] Command:       /usr/bin/node /usr/local/bin/firebase deploy
[debug] [2020-11-07T11:25:52.093Z] CLI Version:   8.4.2
[debug] [2020-11-07T11:25:52.093Z] Platform:      linux
[debug] [2020-11-07T11:25:52.093Z] Node Version:  v10.15.2
[debug] [2020-11-07T11:25:52.093Z] Time:          Sat Nov 07 2020 16:25:52 GMT+0500 (Pakistan Standard Time)
[debug] [2020-11-07T11:25:52.093Z] ----------------------------------------------------------------------
[debug] [2020-11-07T11:25:52.093Z] 
[debug] [2020-11-07T11:25:52.166Z] > command requires scopes: ["email","openid","https://www.googleapis.com/auth/cloudplatformprojects.readonly","https://www.googleapis.com/auth/firebase","https://www.googleapis.com/auth/cloud-platform"]
[debug] [2020-11-07T11:25:52.167Z] > authorizing via signed-in user
[debug] [2020-11-07T11:25:52.168Z] [iam] checking project to-brick-clone for permissions ["cloudfunctions.functions.create","cloudfunctions.functions.delete","cloudfunctions.functions.get","cloudfunctions.functions.list","cloudfunctions.functions.update","cloudfunctions.operations.get","firebase.projects.get","firebasehosting.sites.update"]
[debug] [2020-11-07T11:25:52.170Z] > refreshing access token with scopes: ["email","https://www.googleapis.com/auth/cloud-platform","https://www.googleapis.com/auth/cloudplatformprojects.readonly","https://www.googleapis.com/auth/firebase","openid"]
[debug] [2020-11-07T11:25:52.171Z] >>> HTTP REQUEST POST https://www.googleapis.com/oauth2/v3/token  
 <request body omitted>
[debug] [2020-11-07T11:25:52.761Z] <<< HTTP RESPONSE 200 {"cache-control":"no-cache, no-store, max-age=0, must-revalidate","date":"Sat, 07 Nov 2020 11:25:52 GMT","pragma":"no-cache","expires":"Mon, 01 Jan 1990 00:00:00 GMT","content-type":"application/json; charset=utf-8","vary":"X-Origin, Referer, Origin,Accept-Encoding","server":"scaffolding on HTTPServer2","x-xss-protection":"0","x-frame-options":"SAMEORIGIN","x-content-type-options":"nosniff","alt-svc":"h3-Q050=\":443\"; ma=2592000,h3-29=\":443\"; ma=2592000,h3-T051=\":443\"; ma=2592000,h3-T050=\":443\"; ma=2592000,h3-Q046=\":443\"; ma=2592000,h3-Q043=\":443\"; ma=2592000,quic=\":443\"; ma=2592000; v=\"46,43\"","accept-ranges":"none","transfer-encoding":"chunked"}
[debug] [2020-11-07T11:25:52.862Z] >>> HTTP REQUEST POST https://cloudresourcemanager.googleapis.com/v1/projects/to-brick-clone:testIamPermissions  
 {"permissions":["cloudfunctions.functions.create","cloudfunctions.functions.delete","cloudfunctions.functions.get","cloudfunctions.functions.list","cloudfunctions.functions.update","cloudfunctions.operations.get","firebase.projects.get","firebasehosting.sites.update"]}
[debug] [2020-11-07T11:25:55.677Z] <<< HTTP RESPONSE 200 {"content-type":"application/json; charset=UTF-8","vary":"X-Origin, Referer, Origin,Accept-Encoding","date":"Sat, 07 Nov 2020 11:25:55 GMT","server":"ESF","cache-control":"private","x-xss-protection":"0","x-frame-options":"SAMEORIGIN","x-content-type-options":"nosniff","server-timing":"gfet4t7; dur=1292","alt-svc":"h3-Q050=\":443\"; ma=2592000,h3-29=\":443\"; ma=2592000,h3-T051=\":443\"; ma=2592000,h3-T050=\":443\"; ma=2592000,h3-Q046=\":443\"; ma=2592000,h3-Q043=\":443\"; ma=2592000,quic=\":443\"; ma=2592000; v=\"46,43\"","accept-ranges":"none","transfer-encoding":"chunked"}
[debug] [2020-11-07T11:25:55.682Z] >>> HTTP REQUEST POST https://iam.googleapis.com/v1/projects/to-brick-clone/serviceAccounts/to-brick-clone@appspot.gserviceaccount.com:testIamPermissions  
 {"permissions":["iam.serviceAccounts.actAs"]}
[debug] [2020-11-07T11:25:57.953Z] <<< HTTP RESPONSE 200 {"content-type":"application/json; charset=UTF-8","vary":"X-Origin, Referer, Origin,Accept-Encoding","date":"Sat, 07 Nov 2020 11:25:57 GMT","server":"ESF","cache-control":"private","x-xss-protection":"0","x-frame-options":"SAMEORIGIN","x-content-type-options":"nosniff","alt-svc":"h3-Q050=\":443\"; ma=2592000,h3-29=\":443\"; ma=2592000,h3-T051=\":443\"; ma=2592000,h3-T050=\":443\"; ma=2592000,h3-Q046=\":443\"; ma=2592000,h3-Q043=\":443\"; ma=2592000,quic=\":443\"; ma=2592000; v=\"46,43\"","accept-ranges":"none","transfer-encoding":"chunked"}
[debug] [2020-11-07T11:25:57.958Z] >>> HTTP REQUEST GET https://firebase.googleapis.com/v1beta1/projects/to-brick-clone  
 
[debug] [2020-11-07T11:25:58.900Z] <<< HTTP RESPONSE 200 {"content-type":"application/json; charset=UTF-8","vary":"X-Origin, Referer, Origin,Accept-Encoding","date":"Sat, 07 Nov 2020 11:25:58 GMT","server":"ESF","cache-control":"private","x-xss-protection":"0","x-frame-options":"SAMEORIGIN","x-content-type-options":"nosniff","alt-svc":"h3-Q050=\":443\"; ma=2592000,h3-29=\":443\"; ma=2592000,h3-T051=\":443\"; ma=2592000,h3-T050=\":443\"; ma=2592000,h3-Q046=\":443\"; ma=2592000,h3-Q043=\":443\"; ma=2592000,quic=\":443\"; ma=2592000; v=\"46,43\"","accept-ranges":"none","transfer-encoding":"chunked"}
[info] 
[info] === Deploying to 'to-brick-clone'...
[info] 
[info] i  deploying functions, hosting 
[debug] [2020-11-07T11:26:09.716Z] > [functions] package.json contents: {
  "name": "functions",
  "description": "Cloud Functions for Firebase",
  "scripts": {
    "serve": "firebase emulators:start --only functions",
    "shell": "firebase functions:shell",
    "start": "npm run shell",
    "deploy": "firebase deploy --only functions",
    "logs": "firebase functions:log"
  },
  "engines": {
    "node": "8"
  },
  "dependencies": {
    "@stripe/stripe-js": "^1.10.0",
    "firebase-admin": "^8.10.0",
    "firebase-functions": "^3.6.1",
    "node-mailjet": "^3.3.1",
    "nodemailer": "^6.4.14",
    "stripe": "^8.115.0"
  },
  "devDependencies": {
    "firebase-functions-test": "^0.2.0"
  },
  "private": true
}
[info] i  functions: ensuring required API cloudfunctions.googleapis.com is enabled... 
[debug] [2020-11-07T11:26:11.677Z] [functions] runtime dependency check dates: warning: 2020-05-21T00:00:00.000Z error: 2020-07-09T00:00:00.000Z
[warn] 
[warn] ⚠  functions: The Node.js 8 runtime is deprecated and will be decommissioned on 2020-12-05. For more information, see: https://firebase.google.com/support/faq#functions-runtime 
[warn] 
[debug] [2020-11-07T11:26:11.679Z] >>> HTTP REQUEST GET https://serviceusage.googleapis.com/v1/projects/to-brick-clone/services/cloudfunctions.googleapis.com  
 
[debug] [2020-11-07T11:26:11.680Z] >>> HTTP REQUEST GET https://serviceusage.googleapis.com/v1/projects/to-brick-clone/services/runtimeconfig.googleapis.com  
 
[debug] [2020-11-07T11:26:15.281Z] <<< HTTP RESPONSE 200 {"content-type":"application/json; charset=UTF-8","vary":"X-Origin, Referer, Origin,Accept-Encoding","date":"Sat, 07 Nov 2020 11:26:14 GMT","server":"ESF","cache-control":"private","x-xss-protection":"0","x-frame-options":"SAMEORIGIN","x-content-type-options":"nosniff","alt-svc":"h3-Q050=\":443\"; ma=2592000,h3-29=\":443\"; ma=2592000,h3-T051=\":443\"; ma=2592000,h3-T050=\":443\"; ma=2592000,h3-Q046=\":443\"; ma=2592000,h3-Q043=\":443\"; ma=2592000,quic=\":443\"; ma=2592000; v=\"46,43\"","accept-ranges":"none","transfer-encoding":"chunked"}
[debug] [2020-11-07T11:26:15.519Z] <<< HTTP RESPONSE 200 {"content-type":"application/json; charset=UTF-8","vary":"X-Origin, Referer, Origin,Accept-Encoding","date":"Sat, 07 Nov 2020 11:26:14 GMT","server":"ESF","cache-control":"private","x-xss-protection":"0","x-frame-options":"SAMEORIGIN","x-content-type-options":"nosniff","alt-svc":"h3-Q050=\":443\"; ma=2592000,h3-29=\":443\"; ma=2592000,h3-T051=\":443\"; ma=2592000,h3-T050=\":443\"; ma=2592000,h3-Q046=\":443\"; ma=2592000,h3-Q043=\":443\"; ma=2592000,quic=\":443\"; ma=2592000; v=\"46,43\"","accept-ranges":"none","transfer-encoding":"chunked"}
[info] ✔  functions: required API cloudfunctions.googleapis.com is enabled 
[debug] [2020-11-07T11:26:15.521Z] >>> HTTP REQUEST GET https://firebase.googleapis.com/v1beta1/projects/to-brick-clone/adminSdkConfig  
 
[debug] [2020-11-07T11:26:16.486Z] <<< HTTP RESPONSE 200 {"content-type":"application/json; charset=UTF-8","vary":"X-Origin, Referer, Origin,Accept-Encoding","date":"Sat, 07 Nov 2020 11:26:16 GMT","server":"ESF","cache-control":"private","x-xss-protection":"0","x-frame-options":"SAMEORIGIN","x-content-type-options":"nosniff","alt-svc":"h3-Q050=\":443\"; ma=2592000,h3-29=\":443\"; ma=2592000,h3-T051=\":443\"; ma=2592000,h3-T050=\":443\"; ma=2592000,h3-Q046=\":443\"; ma=2592000,h3-Q043=\":443\"; ma=2592000,quic=\":443\"; ma=2592000; v=\"46,43\"","accept-ranges":"none","transfer-encoding":"chunked"}
[debug] [2020-11-07T11:26:16.491Z] >>> HTTP REQUEST POST https://firebasehosting.googleapis.com/v1beta1/sites/to-brick-clone/versions  
 {"config":{"rewrites":[{"glob":"**","path":"/index.html"}]},"labels":{"deployment-tool":"cli-firebase"}}
[debug] [2020-11-07T11:26:19.408Z] <<< HTTP RESPONSE 200 {"content-type":"application/json; charset=UTF-8","vary":"X-Origin, Referer, Origin,Accept-Encoding","date":"Sat, 07 Nov 2020 11:26:19 GMT","server":"ESF","cache-control":"private","x-xss-protection":"0","x-frame-options":"SAMEORIGIN","x-content-type-options":"nosniff","alt-svc":"h3-Q050=\":443\"; ma=2592000,h3-29=\":443\"; ma=2592000,h3-T051=\":443\"; ma=2592000,h3-T050=\":443\"; ma=2592000,h3-Q046=\":443\"; ma=2592000,h3-Q043=\":443\"; ma=2592000,quic=\":443\"; ma=2592000; v=\"46,43\"","accept-ranges":"none","transfer-encoding":"chunked"}
[info] i  functions: preparing functions directory for uploading... 
[debug] [2020-11-07T11:26:19.412Z] >>> HTTP REQUEST GET https://runtimeconfig.googleapis.com/v1beta1/projects/to-brick-clone/configs  
 
[debug] [2020-11-07T11:26:21.257Z] <<< HTTP RESPONSE 200 {"content-type":"application/json; charset=UTF-8","vary":"X-Origin, Referer, Origin,Accept-Encoding","date":"Sat, 07 Nov 2020 11:26:21 GMT","server":"ESF","cache-control":"private","x-xss-protection":"0","x-frame-options":"SAMEORIGIN","x-content-type-options":"nosniff","alt-svc":"h3-Q050=\":443\"; ma=2592000,h3-29=\":443\"; ma=2592000,h3-T051=\":443\"; ma=2592000,h3-T050=\":443\"; ma=2592000,h3-Q046=\":443\"; ma=2592000,h3-Q043=\":443\"; ma=2592000,quic=\":443\"; ma=2592000; v=\"46,43\"","accept-ranges":"none","transfer-encoding":"chunked"}
[info] i  functions: packaged functions (35.86 KB) for uploading 
[debug] [2020-11-07T11:26:23.990Z] >>> HTTP REQUEST GET https://cloudfunctions.googleapis.com/v1/projects/to-brick-clone/locations/-/functions  
 
[debug] [2020-11-07T11:26:27.358Z] <<< HTTP RESPONSE 200 {"content-type":"application/json; charset=UTF-8","vary":"X-Origin, Referer, Origin,Accept-Encoding","date":"Sat, 07 Nov 2020 11:26:27 GMT","server":"ESF","cache-control":"private","x-xss-protection":"0","x-frame-options":"SAMEORIGIN","x-content-type-options":"nosniff","alt-svc":"h3-Q050=\":443\"; ma=2592000,h3-29=\":443\"; ma=2592000,h3-T051=\":443\"; ma=2592000,h3-T050=\":443\"; ma=2592000,h3-Q046=\":443\"; ma=2592000,h3-Q043=\":443\"; ma=2592000,quic=\":443\"; ma=2592000; v=\"46,43\"","accept-ranges":"none","transfer-encoding":"chunked"}
[debug] [2020-11-07T11:26:27.364Z] >>> HTTP REQUEST POST https://cloudfunctions.googleapis.com/v1/projects/to-brick-clone/locations/us-central1/functions:generateUploadUrl  
 
[debug] [2020-11-07T11:26:28.368Z] <<< HTTP RESPONSE 200 {"content-type":"application/json; charset=UTF-8","vary":"X-Origin, Referer, Origin,Accept-Encoding","date":"Sat, 07 Nov 2020 11:26:28 GMT","server":"ESF","cache-control":"private","x-xss-protection":"0","x-frame-options":"SAMEORIGIN","x-content-type-options":"nosniff","alt-svc":"h3-Q050=\":443\"; ma=2592000,h3-29=\":443\"; ma=2592000,h3-T051=\":443\"; ma=2592000,h3-T050=\":443\"; ma=2592000,h3-Q046=\":443\"; ma=2592000,h3-Q043=\":443\"; ma=2592000,quic=\":443\"; ma=2592000; v=\"46,43\"","accept-ranges":"none","transfer-encoding":"chunked"}
[debug] [2020-11-07T11:26:28.370Z] >>> HTTP REQUEST PUT https://storage.googleapis.com/gcf-upload-us-central1-947b509b-77a2-44ac-8a28-577ea19725fd/b112ddb4-b914-45bd-9e14-c7d8ec9275cc.zip?GoogleAccessId=service-669212999817@gcf-admin-robot.iam.gserviceaccount.com&Expires=1604750188&Signature=ZBH4DopJcuOWLhzppw5M%2Fr5ru4g%2B4UhIO6rd2MvQj7akAjUIWqtkiGWPxQ7r5peFTcqX%2B50VWEXjhNqDJ2wvJ1k%2B%2B5462USe1INJ3VMzHX9LIxU2iAnwll0F431E%2BSHw8RQAOTzdIWbT5dg47r%2BK94%2BlNrEaG2xvKz4cTeGTSsE%2F9SdbnqhIlHIYGjiDZPwrR3vq7eT6OeIBvi%2BK2um3rikClB6OK%2FMFWQngBofqJjgLwMTATO1U%2B2%2BRqxf%2FRprfrC4jXsT9VLYVGh%2FrvQC7hZQu8WhwW%2BldRdQwnTz5rtgN%2FwRpH%2FPTRX63j6Ry%2BwxiKuORGYeRnde%2BAWqfxmVoRg%3D%3D  
 <request body omitted>
[debug] [2020-11-07T11:26:29.560Z] <<< HTTP RESPONSE 200 {"x-guploader-uploadid":"ABg5-Uwv-8AkijpBpUMRWhFZsUlPjrXi_MTMBRlT_pEnzfW6ys9nXyccBGlBgMLeciOueL2kPyqET8hyxVhsmYiDDQ1S_be3Mw","etag":"\"fc82f255bdec0c60e0e353afc51e14d7\"","x-goog-generation":"1604748389294729","x-goog-metageneration":"1","x-goog-hash":"crc32c=47GB7A==, md5=/ILyVb3sDGDg41OvxR4U1w==","x-goog-stored-content-length":"36717","x-goog-stored-content-encoding":"identity","vary":"Origin","content-length":"0","date":"Sat, 07 Nov 2020 11:26:29 GMT","server":"UploadServer","content-type":"text/html; charset=UTF-8","alt-svc":"h3-Q050=\":443\"; ma=2592000,h3-29=\":443\"; ma=2592000,h3-T051=\":443\"; ma=2592000,h3-T050=\":443\"; ma=2592000,h3-Q046=\":443\"; ma=2592000,h3-Q043=\":443\"; ma=2592000,quic=\":443\"; ma=2592000; v=\"46,43\""}
[info] ✔  functions: functions folder uploaded successfully 
[info] i  hosting[to-brick-clone]: beginning deploy... 
[info] i  hosting[to-brick-clone]: found 20 files in build 
[debug] [2020-11-07T11:26:30.068Z] [hosting] hash cache [YnVpbGQ] stored for 20 files
[debug] [2020-11-07T11:26:30.068Z] [hosting][hash queue][FINAL] {"max":459,"min":18,"avg":48.9,"active":0,"complete":20,"success":20,"errored":0,"retried":0,"total":20,"elapsed":469}
[debug] [2020-11-07T11:26:30.069Z] >>> HTTP REQUEST POST https://firebasehosting.googleapis.com/v1beta1/sites/to-brick-clone/versions/7bd360f8dda60f30:populateFiles  
 <request body omitted>
[debug] [2020-11-07T11:26:32.115Z] <<< HTTP RESPONSE 200 {"content-type":"application/json; charset=UTF-8","vary":"X-Origin, Referer, Origin,Accept-Encoding","date":"Sat, 07 Nov 2020 11:26:31 GMT","server":"ESF","cache-control":"private","x-xss-protection":"0","x-frame-options":"SAMEORIGIN","x-content-type-options":"nosniff","alt-svc":"h3-Q050=\":443\"; ma=2592000,h3-29=\":443\"; ma=2592000,h3-T051=\":443\"; ma=2592000,h3-T050=\":443\"; ma=2592000,h3-Q046=\":443\"; ma=2592000,h3-Q043=\":443\"; ma=2592000,quic=\":443\"; ma=2592000; v=\"46,43\"","accept-ranges":"none","transfer-encoding":"chunked"}
[debug] [2020-11-07T11:26:32.133Z] [hosting][populate queue][FINAL] {"max":2054,"min":2054,"avg":2054,"active":0,"complete":1,"success":1,"errored":0,"retried":0,"total":1,"elapsed":2068}
[debug] [2020-11-07T11:26:32.133Z] [hosting] uploads queued: 13
[debug] [2020-11-07T11:26:36.827Z] [hosting][upload queue][FINAL] {"max":4710,"min":3871,"avg":4137.461538461538,"active":0,"complete":13,"success":13,"errored":0,"retried":0,"total":13,"elapsed":4710}
[info] ✔  hosting[to-brick-clone]: file upload complete 
[debug] [2020-11-07T11:26:36.829Z] [hosting] deploy completed after 7267ms
[info] i  functions: updating Node.js 8 function checkout(us-central1)... 
[debug] [2020-11-07T11:26:36.841Z] Trigger is:  {"httpsTrigger":{}}
[debug] [2020-11-07T11:26:36.843Z] >>> HTTP REQUEST GET https://serviceusage.googleapis.com/v1/projects/to-brick-clone/services/cloudscheduler.googleapis.com  
 
[debug] [2020-11-07T11:26:38.560Z] <<< HTTP RESPONSE 200 {"content-type":"application/json; charset=UTF-8","vary":"X-Origin, Referer, Origin,Accept-Encoding","date":"Sat, 07 Nov 2020 11:26:38 GMT","server":"ESF","cache-control":"private","x-xss-protection":"0","x-frame-options":"SAMEORIGIN","x-content-type-options":"nosniff","alt-svc":"h3-Q050=\":443\"; ma=2592000,h3-29=\":443\"; ma=2592000,h3-T051=\":443\"; ma=2592000,h3-T050=\":443\"; ma=2592000,h3-Q046=\":443\"; ma=2592000,h3-Q043=\":443\"; ma=2592000,quic=\":443\"; ma=2592000; v=\"46,43\"","accept-ranges":"none","transfer-encoding":"chunked"}
[debug] [2020-11-07T11:26:38.566Z] >>> HTTP REQUEST PATCH https://cloudfunctions.googleapis.com/v1/projects/to-brick-clone/locations/us-central1/functions/checkout {"updateMask":"sourceUploadUrl,name,labels,runtime,environmentVariables,httpsTrigger"} 
 {"sourceUploadUrl":"https://storage.googleapis.com/gcf-upload-us-central1-947b509b-77a2-44ac-8a28-577ea19725fd/b112ddb4-b914-45bd-9e14-c7d8ec9275cc.zip?GoogleAccessId=service-669212999817@gcf-admin-robot.iam.gserviceaccount.com&Expires=1604750188&Signature=ZBH4DopJcuOWLhzppw5M%2Fr5ru4g%2B4UhIO6rd2MvQj7akAjUIWqtkiGWPxQ7r5peFTcqX%2B50VWEXjhNqDJ2wvJ1k%2B%2B5462USe1INJ3VMzHX9LIxU2iAnwll0F431E%2BSHw8RQAOTzdIWbT5dg47r%2BK94%2BlNrEaG2xvKz4cTeGTSsE%2F9SdbnqhIlHIYGjiDZPwrR3vq7eT6OeIBvi%2BK2um3rikClB6OK%2FMFWQngBofqJjgLwMTATO1U%2B2%2BRqxf%2FRprfrC4jXsT9VLYVGh%2FrvQC7hZQu8WhwW%2BldRdQwnTz5rtgN%2FwRpH%2FPTRX63j6Ry%2BwxiKuORGYeRnde%2BAWqfxmVoRg%3D%3D","name":"projects/to-brick-clone/locations/us-central1/functions/checkout","labels":{"deployment-tool":"cli-firebase"},"httpsTrigger":{},"runtime":"nodejs8","environmentVariables":{"FIREBASE_CONFIG":"{\"projectId\":\"to-brick-clone\",\"databaseURL\":\"https://to-brick-clone.firebaseio.com\",\"storageBucket\":\"to-brick-clone.appspot.com\",\"locationId\":\"us-central\"}"}}
[debug] [2020-11-07T11:26:39.868Z] <<< HTTP RESPONSE 200 {"content-type":"application/json; charset=UTF-8","vary":"X-Origin, Referer, Origin,Accept-Encoding","date":"Sat, 07 Nov 2020 11:26:39 GMT","server":"ESF","cache-control":"private","x-xss-protection":"0","x-frame-options":"SAMEORIGIN","x-content-type-options":"nosniff","alt-svc":"h3-Q050=\":443\"; ma=2592000,h3-29=\":443\"; ma=2592000,h3-T051=\":443\"; ma=2592000,h3-T050=\":443\"; ma=2592000,h3-Q046=\":443\"; ma=2592000,h3-Q043=\":443\"; ma=2592000,quic=\":443\"; ma=2592000; v=\"46,43\"","accept-ranges":"none","transfer-encoding":"chunked"}
[debug] [2020-11-07T11:26:39.874Z] >>> HTTP REQUEST GET https://cloudfunctions.googleapis.com/v1/projects/to-brick-clone/locations/-/functions  
 
[debug] [2020-11-07T11:26:40.823Z] <<< HTTP RESPONSE 200 {"content-type":"application/json; charset=UTF-8","vary":"X-Origin, Referer, Origin,Accept-Encoding","date":"Sat, 07 Nov 2020 11:26:40 GMT","server":"ESF","cache-control":"private","x-xss-protection":"0","x-frame-options":"SAMEORIGIN","x-content-type-options":"nosniff","alt-svc":"h3-Q050=\":443\"; ma=2592000,h3-29=\":443\"; ma=2592000,h3-T051=\":443\"; ma=2592000,h3-T050=\":443\"; ma=2592000,h3-Q046=\":443\"; ma=2592000,h3-Q043=\":443\"; ma=2592000,quic=\":443\"; ma=2592000; v=\"46,43\"","accept-ranges":"none","transfer-encoding":"chunked"}
[debug] [2020-11-07T11:26:40.827Z] >>> HTTP REQUEST GET https://cloudfunctions.googleapis.com/v1/operations/dG8tYnJpY2stY2xvbmUvdXMtY2VudHJhbDEvY2hlY2tvdXQvU1NfNHZUVDFPMG8  
 
[debug] [2020-11-07T11:26:41.701Z] <<< HTTP RESPONSE 200 {"content-type":"application/json; charset=UTF-8","vary":"X-Origin, Referer, Origin,Accept-Encoding","date":"Sat, 07 Nov 2020 11:26:41 GMT","server":"ESF","cache-control":"private","x-xss-protection":"0","x-frame-options":"SAMEORIGIN","x-content-type-options":"nosniff","alt-svc":"h3-Q050=\":443\"; ma=2592000,h3-29=\":443\"; ma=2592000,h3-T051=\":443\"; ma=2592000,h3-T050=\":443\"; ma=2592000,h3-Q046=\":443\"; ma=2592000,h3-Q043=\":443\"; ma=2592000,quic=\":443\"; ma=2592000; v=\"46,43\"","accept-ranges":"none","transfer-encoding":"chunked"}
[debug] [2020-11-07T11:26:43.703Z] >>> HTTP REQUEST GET https://cloudfunctions.googleapis.com/v1/operations/dG8tYnJpY2stY2xvbmUvdXMtY2VudHJhbDEvY2hlY2tvdXQvU1NfNHZUVDFPMG8  
 
[debug] [2020-11-07T11:26:44.577Z] <<< HTTP RESPONSE 200 {"content-type":"application/json; charset=UTF-8","vary":"X-Origin, Referer, Origin,Accept-Encoding","date":"Sat, 07 Nov 2020 11:26:44 GMT","server":"ESF","cache-control":"private","x-xss-protection":"0","x-frame-options":"SAMEORIGIN","x-content-type-options":"nosniff","alt-svc":"h3-Q050=\":443\"; ma=2592000,h3-29=\":443\"; ma=2592000,h3-T051=\":443\"; ma=2592000,h3-T050=\":443\"; ma=2592000,h3-Q046=\":443\"; ma=2592000,h3-Q043=\":443\"; ma=2592000,quic=\":443\"; ma=2592000; v=\"46,43\"","accept-ranges":"none","transfer-encoding":"chunked"}
[debug] [2020-11-07T11:26:46.579Z] >>> HTTP REQUEST GET https://cloudfunctions.googleapis.com/v1/operations/dG8tYnJpY2stY2xvbmUvdXMtY2VudHJhbDEvY2hlY2tvdXQvU1NfNHZUVDFPMG8  
 
[debug] [2020-11-07T11:26:47.461Z] <<< HTTP RESPONSE 200 {"content-type":"application/json; charset=UTF-8","vary":"X-Origin, Referer, Origin,Accept-Encoding","date":"Sat, 07 Nov 2020 11:26:47 GMT","server":"ESF","cache-control":"private","x-xss-protection":"0","x-frame-options":"SAMEORIGIN","x-content-type-options":"nosniff","alt-svc":"h3-Q050=\":443\"; ma=2592000,h3-29=\":443\"; ma=2592000,h3-T051=\":443\"; ma=2592000,h3-T050=\":443\"; ma=2592000,h3-Q046=\":443\"; ma=2592000,h3-Q043=\":443\"; ma=2592000,quic=\":443\"; ma=2592000; v=\"46,43\"","accept-ranges":"none","transfer-encoding":"chunked"}
[debug] [2020-11-07T11:26:49.464Z] >>> HTTP REQUEST GET https://cloudfunctions.googleapis.com/v1/operations/dG8tYnJpY2stY2xvbmUvdXMtY2VudHJhbDEvY2hlY2tvdXQvU1NfNHZUVDFPMG8  
 
[debug] [2020-11-07T11:26:50.414Z] <<< HTTP RESPONSE 200 {"content-type":"application/json; charset=UTF-8","vary":"X-Origin, Referer, Origin,Accept-Encoding","date":"Sat, 07 Nov 2020 11:26:50 GMT","server":"ESF","cache-control":"private","x-xss-protection":"0","x-frame-options":"SAMEORIGIN","x-content-type-options":"nosniff","alt-svc":"h3-Q050=\":443\"; ma=2592000,h3-29=\":443\"; ma=2592000,h3-T051=\":443\"; ma=2592000,h3-T050=\":443\"; ma=2592000,h3-Q046=\":443\"; ma=2592000,h3-Q043=\":443\"; ma=2592000,quic=\":443\"; ma=2592000; v=\"46,43\"","accept-ranges":"none","transfer-encoding":"chunked"}
[debug] [2020-11-07T11:26:52.418Z] >>> HTTP REQUEST GET https://cloudfunctions.googleapis.com/v1/operations/dG8tYnJpY2stY2xvbmUvdXMtY2VudHJhbDEvY2hlY2tvdXQvU1NfNHZUVDFPMG8  
 
[debug] [2020-11-07T11:26:53.205Z] <<< HTTP RESPONSE 200 {"content-type":"application/json; charset=UTF-8","vary":"X-Origin, Referer, Origin,Accept-Encoding","date":"Sat, 07 Nov 2020 11:26:53 GMT","server":"ESF","cache-control":"private","x-xss-protection":"0","x-frame-options":"SAMEORIGIN","x-content-type-options":"nosniff","alt-svc":"h3-Q050=\":443\"; ma=2592000,h3-29=\":443\"; ma=2592000,h3-T051=\":443\"; ma=2592000,h3-T050=\":443\"; ma=2592000,h3-Q046=\":443\"; ma=2592000,h3-Q043=\":443\"; ma=2592000,quic=\":443\"; ma=2592000; v=\"46,43\"","accept-ranges":"none","transfer-encoding":"chunked"}
[debug] [2020-11-07T11:26:55.209Z] >>> HTTP REQUEST GET https://cloudfunctions.googleapis.com/v1/operations/dG8tYnJpY2stY2xvbmUvdXMtY2VudHJhbDEvY2hlY2tvdXQvU1NfNHZUVDFPMG8  
 
[debug] [2020-11-07T11:26:56.090Z] <<< HTTP RESPONSE 200 {"content-type":"application/json; charset=UTF-8","vary":"X-Origin, Referer, Origin,Accept-Encoding","date":"Sat, 07 Nov 2020 11:26:55 GMT","server":"ESF","cache-control":"private","x-xss-protection":"0","x-frame-options":"SAMEORIGIN","x-content-type-options":"nosniff","alt-svc":"h3-Q050=\":443\"; ma=2592000,h3-29=\":443\"; ma=2592000,h3-T051=\":443\"; ma=2592000,h3-T050=\":443\"; ma=2592000,h3-Q046=\":443\"; ma=2592000,h3-Q043=\":443\"; ma=2592000,quic=\":443\"; ma=2592000; v=\"46,43\"","accept-ranges":"none","transfer-encoding":"chunked"}
[debug] [2020-11-07T11:26:58.093Z] >>> HTTP REQUEST GET https://cloudfunctions.googleapis.com/v1/operations/dG8tYnJpY2stY2xvbmUvdXMtY2VudHJhbDEvY2hlY2tvdXQvU1NfNHZUVDFPMG8  
 
[debug] [2020-11-07T11:26:58.966Z] <<< HTTP RESPONSE 200 {"content-type":"application/json; charset=UTF-8","vary":"X-Origin, Referer, Origin,Accept-Encoding","date":"Sat, 07 Nov 2020 11:26:58 GMT","server":"ESF","cache-control":"private","x-xss-protection":"0","x-frame-options":"SAMEORIGIN","x-content-type-options":"nosniff","alt-svc":"h3-Q050=\":443\"; ma=2592000,h3-29=\":443\"; ma=2592000,h3-T051=\":443\"; ma=2592000,h3-T050=\":443\"; ma=2592000,h3-Q046=\":443\"; ma=2592000,h3-Q043=\":443\"; ma=2592000,quic=\":443\"; ma=2592000; v=\"46,43\"","accept-ranges":"none","transfer-encoding":"chunked"}
[debug] [2020-11-07T11:27:00.969Z] >>> HTTP REQUEST GET https://cloudfunctions.googleapis.com/v1/operations/dG8tYnJpY2stY2xvbmUvdXMtY2VudHJhbDEvY2hlY2tvdXQvU1NfNHZUVDFPMG8  
 
[debug] [2020-11-07T11:27:01.843Z] <<< HTTP RESPONSE 200 {"content-type":"application/json; charset=UTF-8","vary":"X-Origin, Referer, Origin,Accept-Encoding","date":"Sat, 07 Nov 2020 11:27:01 GMT","server":"ESF","cache-control":"private","x-xss-protection":"0","x-frame-options":"SAMEORIGIN","x-content-type-options":"nosniff","alt-svc":"h3-Q050=\":443\"; ma=2592000,h3-29=\":443\"; ma=2592000,h3-T051=\":443\"; ma=2592000,h3-T050=\":443\"; ma=2592000,h3-Q046=\":443\"; ma=2592000,h3-Q043=\":443\"; ma=2592000,quic=\":443\"; ma=2592000; v=\"46,43\"","accept-ranges":"none","transfer-encoding":"chunked"}
[debug] [2020-11-07T11:27:03.845Z] >>> HTTP REQUEST GET https://cloudfunctions.googleapis.com/v1/operations/dG8tYnJpY2stY2xvbmUvdXMtY2VudHJhbDEvY2hlY2tvdXQvU1NfNHZUVDFPMG8  
 
[debug] [2020-11-07T11:27:04.728Z] <<< HTTP RESPONSE 200 {"content-type":"application/json; charset=UTF-8","vary":"X-Origin, Referer, Origin,Accept-Encoding","date":"Sat, 07 Nov 2020 11:27:04 GMT","server":"ESF","cache-control":"private","x-xss-protection":"0","x-frame-options":"SAMEORIGIN","x-content-type-options":"nosniff","alt-svc":"h3-Q050=\":443\"; ma=2592000,h3-29=\":443\"; ma=2592000,h3-T051=\":443\"; ma=2592000,h3-T050=\":443\"; ma=2592000,h3-Q046=\":443\"; ma=2592000,h3-Q043=\":443\"; ma=2592000,quic=\":443\"; ma=2592000; v=\"46,43\"","accept-ranges":"none","transfer-encoding":"chunked"}
[debug] [2020-11-07T11:27:06.732Z] >>> HTTP REQUEST GET https://cloudfunctions.googleapis.com/v1/operations/dG8tYnJpY2stY2xvbmUvdXMtY2VudHJhbDEvY2hlY2tvdXQvU1NfNHZUVDFPMG8  
 
[debug] [2020-11-07T11:27:07.591Z] <<< HTTP RESPONSE 200 {"content-type":"application/json; charset=UTF-8","vary":"X-Origin, Referer, Origin,Accept-Encoding","date":"Sat, 07 Nov 2020 11:27:07 GMT","server":"ESF","cache-control":"private","x-xss-protection":"0","x-frame-options":"SAMEORIGIN","x-content-type-options":"nosniff","alt-svc":"h3-Q050=\":443\"; ma=2592000,h3-29=\":443\"; ma=2592000,h3-T051=\":443\"; ma=2592000,h3-T050=\":443\"; ma=2592000,h3-Q046=\":443\"; ma=2592000,h3-Q043=\":443\"; ma=2592000,quic=\":443\"; ma=2592000; v=\"46,43\"","accept-ranges":"none","transfer-encoding":"chunked"}
